2022-12-06 19:46:28,946 - main :   VERSION : 7.1.0 - BOT by HoloKi. Info : https://github.com/HoloKi/BitHeroesBot
2022-12-06 19:46:28,947 - main :   https://discord.gg/h98xsssEpe
2022-12-06 19:46:28,947 - main :   The bot is completely free, any sale is prohibited.If someone sold it to you, get your money back and report it to the developer
2022-12-06 19:46:28,999 - Populate :   data.json = True
2022-12-06 19:46:33,338 - raid :   ---------RAID----------
2022-12-06 19:46:33,339 - raid :   difficult = image\raid\heroic.png.
2022-12-06 19:46:33,645 - raid :   run = 1, difficult = heroic
2022-12-06 19:46:33,647 - __init__ :   Using proactor: IocpProactor
2022-12-06 19:46:38,765 - search_and_click :   risultato match= [[  -73333.25  -1300620.4     -93563.25  ...   571738.8     506713.84
    405082.16 ]
 [  915286.06   -572100.06    569931.56  ...   413270.      543320.
    636763.3  ]
 [  -58521.5   -1025708.2     181348.    ...   691673.06    431573.1
    980191.44 ]
 ...
 [  375097.9     505147.9     -80077.086 ...  -298512.9    -588596.8
    328737.75 ]
 [  991872.06   1251972.1     211572.08  ...  -420374.34  -1035583.3
   -194954.33 ]
 [  388343.5     388343.25   -261906.5   ...  -568727.7    -923837.2
    165211.55 ]]
2022-12-06 19:46:38,772 - search_and_click :   posizione click  = (596, 434)
2022-12-06 19:46:38,773 - search_and_click :   debug  = 1
2022-12-06 19:46:39,759 - search_and_click :   image\raid\raid.png = None
2022-12-06 19:46:41,844 - __init__ :   Using proactor: IocpProactor
2022-12-06 19:46:47,162 - search_and_click :   risultato match= [[ -165116.88  -1050075.     -869244.9   ... -1454692.    -1253011.4
   -921280.44 ]
 [  705598.94     80739.8     -63554.527 ...  -707420.8    -440715.1
   -629184.1  ]
 [  750806.9     190972.72    111704.39  ... -1143810.9    -551979.94
   -870499.5  ]
 ...
 [  164326.98   -420897.5    -934492.3   ...  -663237.44   -408711.2
   -369077.03 ]
 [   52030.19   -396539.12   -780083.2   ... -1446634.    -1257133.
  -1217498.9  ]
 [  410183.66   -493560.66   -812079.94  ...   -67896.875    56578.375
    811488.56 ]]
2022-12-06 19:46:47,164 - search_and_click :   posizione click  = (1090, 535)
2022-12-06 19:46:47,164 - search_and_click :   debug  = 1
2022-12-06 19:46:47,897 - search_and_click :   image\startraid.png = None
2022-12-06 19:46:49,959 - __init__ :   Using proactor: IocpProactor
2022-12-06 19:46:55,894 - search_and_click :   risultato match= [[  267242.34    438329.72    219265.1   ...  -291921.     -474279.66
   -136439.06 ]
 [-2369017.8   -2718129.5   -2482018.    ...  -393648.97   -510983.12
   -303191.78 ]
 [-1313011.6   -1336997.2    -840786.9   ...   -52918.78     24821.809
   -222561.6  ]
 ...
 [  -70253.86    905121.1     592712.25  ...  -729475.8    -391635.25
   -508969.16 ]
 [  990085.     1327926.1    1470692.1   ...  3209012.2    3416804.2
   3104394.5  ]
 [  690392.6    1288333.2    1236024.9   ...   795580.1    1055679.6
    990654.6  ]]
2022-12-06 19:46:55,897 - search_and_click :   posizione click  = (1136, 403)
2022-12-06 19:46:55,898 - search_and_click :   debug  = 1
2022-12-06 19:46:56,561 - search_and_click :   image\raid\heroic.png = None
2022-12-06 19:46:58,644 - __init__ :   Using proactor: IocpProactor
2022-12-06 19:47:04,112 - search_and_click :   risultato match= [[   62403.47  -769785.3   -808702.7  ... -1015220.6   -417022.66
   -143950.22]
 [-2317085.2  -2499026.2  -2472918.5  ... -1314075.1   -520803.22
   -377780.28]
 [ -483089.38  -860103.1   -638921.5  ... -1365801.8   -832629.75
   -624581.8 ]
 ...
 [ 2129483.2   1674308.2   1947380.8  ...   497885.28   901008.25
    783929.7 ]
 [ 1102870.1    140467.02   -41635.03 ...  5310388.    5830587.
   5180337.  ]
 [  673639.44   231436.92   179384.36 ...   -76482.73   248642.28
    313667.28]]
2022-12-06 19:47:04,127 - search_and_click :   posizione click  = (1069, 620)
2022-12-06 19:47:04,129 - search_and_click :   debug  = 1
2022-12-06 19:47:04,984 - search_and_click :   image\accept.png = None
